2020-06-01 22:14:20,694 CRIT Supervisor running as root (no user in config file)
2020-06-01 22:14:20,694 INFO Included extra file "/etc/supervisor/conf.d/supervisord.conf" during parsing
2020-06-01 22:14:20,722 INFO RPC interface 'supervisor' initialized
2020-06-01 22:14:20,723 CRIT Server 'unix_http_server' running without any HTTP authentication checking
2020-06-01 22:14:20,723 INFO supervisord started with pid 1
2020-06-01 22:14:21,727 INFO spawned: 'varnishd' with pid 15
2020-06-01 22:14:21,732 INFO spawned: 'php-fpm' with pid 16
2020-06-01 22:14:21,737 INFO spawned: 'varnish-plugins-watcher' with pid 17
2020-06-01 22:14:21,745 INFO spawned: 'nginx' with pid 18
2020-06-01 22:14:21,770 INFO spawned: 'MailHog' with pid 19
2020-06-01 22:14:21,778 INFO spawned: 'mysql' with pid 20
2020-06-01 22:14:21,803 INFO spawned: 'varnish-themes-watcher' with pid 21
2020-06-01 22:14:23,003 INFO success: varnishd entered RUNNING state, process has stayed up for > than 1 seconds (startsecs)
2020-06-01 22:14:23,003 INFO success: php-fpm entered RUNNING state, process has stayed up for > than 1 seconds (startsecs)
2020-06-01 22:14:23,004 INFO success: varnish-plugins-watcher entered RUNNING state, process has stayed up for > than 1 seconds (startsecs)
2020-06-01 22:14:23,004 INFO success: nginx entered RUNNING state, process has stayed up for > than 1 seconds (startsecs)
2020-06-01 22:14:23,004 INFO success: MailHog entered RUNNING state, process has stayed up for > than 1 seconds (startsecs)
2020-06-01 22:14:23,004 INFO success: mysql entered RUNNING state, process has stayed up for > than 1 seconds (startsecs)
2020-06-01 22:14:23,005 INFO success: varnish-themes-watcher entered RUNNING state, process has stayed up for > than 1 seconds (startsecs)
2020-06-01 22:18:33,821 WARN received SIGTERM indicating exit request
2020-06-01 22:18:33,822 INFO waiting for varnishd, php-fpm, varnish-plugins-watcher, nginx, MailHog, mysql, varnish-themes-watcher to die
2020-06-01 22:18:33,822 INFO stopped: varnish-themes-watcher (terminated by SIGTERM)
2020-06-01 22:18:33,846 INFO stopped: mysql (exit status 0)
2020-06-01 22:18:33,847 INFO stopped: MailHog (terminated by SIGTERM)
2020-06-01 22:18:33,850 INFO stopped: nginx (exit status 0)
2020-06-01 22:18:34,852 INFO stopped: varnish-plugins-watcher (terminated by SIGTERM)
2020-06-01 22:18:34,860 INFO stopped: php-fpm (exit status 0)
2020-06-01 22:18:34,884 INFO reaped unknown pid 34
2020-06-01 22:18:35,931 INFO stopped: varnishd (exit status 0)
2020-06-02 13:34:16,961 CRIT Supervisor running as root (no user in config file)
2020-06-02 13:34:16,961 INFO Included extra file "/etc/supervisor/conf.d/supervisord.conf" during parsing
2020-06-02 13:34:16,997 INFO RPC interface 'supervisor' initialized
2020-06-02 13:34:17,000 CRIT Server 'unix_http_server' running without any HTTP authentication checking
2020-06-02 13:34:17,001 INFO supervisord started with pid 1
2020-06-02 13:34:18,004 INFO spawned: 'varnishd' with pid 57
2020-06-02 13:34:18,007 INFO spawned: 'php-fpm' with pid 58
2020-06-02 13:34:18,009 INFO spawned: 'varnish-plugins-watcher' with pid 59
2020-06-02 13:34:18,012 INFO spawned: 'nginx' with pid 60
2020-06-02 13:34:18,014 INFO spawned: 'MailHog' with pid 61
2020-06-02 13:34:18,015 INFO spawned: 'mysql' with pid 62
2020-06-02 13:34:18,020 INFO spawned: 'varnish-themes-watcher' with pid 63
2020-06-02 13:34:19,166 INFO success: varnishd entered RUNNING state, process has stayed up for > than 1 seconds (startsecs)
2020-06-02 13:34:19,167 INFO success: php-fpm entered RUNNING state, process has stayed up for > than 1 seconds (startsecs)
2020-06-02 13:34:19,167 INFO success: varnish-plugins-watcher entered RUNNING state, process has stayed up for > than 1 seconds (startsecs)
2020-06-02 13:34:19,167 INFO success: nginx entered RUNNING state, process has stayed up for > than 1 seconds (startsecs)
2020-06-02 13:34:19,167 INFO success: MailHog entered RUNNING state, process has stayed up for > than 1 seconds (startsecs)
2020-06-02 13:34:19,167 INFO success: mysql entered RUNNING state, process has stayed up for > than 1 seconds (startsecs)
2020-06-02 13:34:19,167 INFO success: varnish-themes-watcher entered RUNNING state, process has stayed up for > than 1 seconds (startsecs)
2020-06-03 15:11:47,653 CRIT Supervisor running as root (no user in config file)
2020-06-03 15:11:47,653 INFO Included extra file "/etc/supervisor/conf.d/supervisord.conf" during parsing
2020-06-03 15:11:48,010 INFO RPC interface 'supervisor' initialized
2020-06-03 15:11:48,014 CRIT Server 'unix_http_server' running without any HTTP authentication checking
2020-06-03 15:11:48,020 INFO supervisord started with pid 1
2020-06-03 15:11:49,031 INFO spawned: 'varnishd' with pid 57
2020-06-03 15:11:49,035 INFO spawned: 'php-fpm' with pid 58
2020-06-03 15:11:49,037 INFO spawned: 'varnish-plugins-watcher' with pid 59
2020-06-03 15:11:49,040 INFO spawned: 'nginx' with pid 60
2020-06-03 15:11:49,044 INFO spawned: 'MailHog' with pid 61
2020-06-03 15:11:49,054 INFO spawned: 'mysql' with pid 62
2020-06-03 15:11:49,074 INFO spawned: 'varnish-themes-watcher' with pid 63
2020-06-03 15:11:50,210 INFO success: varnishd entered RUNNING state, process has stayed up for > than 1 seconds (startsecs)
2020-06-03 15:11:50,211 INFO success: php-fpm entered RUNNING state, process has stayed up for > than 1 seconds (startsecs)
2020-06-03 15:11:50,211 INFO success: varnish-plugins-watcher entered RUNNING state, process has stayed up for > than 1 seconds (startsecs)
2020-06-03 15:11:50,211 INFO success: nginx entered RUNNING state, process has stayed up for > than 1 seconds (startsecs)
2020-06-03 15:11:50,211 INFO success: MailHog entered RUNNING state, process has stayed up for > than 1 seconds (startsecs)
2020-06-03 15:11:50,211 INFO success: mysql entered RUNNING state, process has stayed up for > than 1 seconds (startsecs)
2020-06-03 15:11:50,211 INFO success: varnish-themes-watcher entered RUNNING state, process has stayed up for > than 1 seconds (startsecs)
