[01-Jun-2020 22:14:30 UTC] PHP Parse error:  syntax error, unexpected '<', expecting end of file in phar:///usr/local/bin/wp/vendor/wp-cli/wp-cli/php/WP_CLI/SynopsisValidator.php on line 92
[02-Jun-2020 14:00:29 UTC] PHP Parse error:  syntax error, unexpected 'Excerpt' (T_STRING) in /app/public/wp-content/themes/sageTheme/resources/functions.php on line 100
[02-Jun-2020 14:19:01 UTC] PHP Fatal error:  Uncaught Symfony\Component\Debug\Exception\FatalThrowableError: syntax error, unexpected ')', expecting ']' in /app/public/wp-content/uploads/cache/d5b3270c1f8a2a2d495ed69f42f231af3f755c26.php:6
Stack trace:
#0 /app/public/wp-content/themes/sageTheme/vendor/illuminate/view/Engines/CompilerEngine.php(59): Illuminate\View\Engines\PhpEngine->evaluatePath('/app/public/wp-...', Array)
#1 /app/public/wp-content/themes/sageTheme/vendor/illuminate/view/View.php(142): Illuminate\View\Engines\CompilerEngine->get('/app/public/wp-...', Array)
#2 /app/public/wp-content/themes/sageTheme/vendor/illuminate/view/View.php(125): Illuminate\View\View->getContents()
#3 /app/public/wp-content/themes/sageTheme/vendor/illuminate/view/View.php(90): Illuminate\View\View->renderContents()
#4 /app/public/wp-content/uploads/cache/737e5fc21aea5a35d72e13849e4815c4509ff3c6.php(6): Illuminate\View\View->render()
#5 /app/public/wp-content/themes/sageTheme/vendor/illuminate/view/Engines/PhpEngine.php(43): include('/app/public/wp-...')
#6 /app/ in /app/public/wp-content/uploads/cache/d5b3270c1f8a2a2d495ed69f42f231af3f755c26.php on line 6
[02-Jun-2020 14:20:29 UTC] PHP Fatal error:  Uncaught Symfony\Component\Debug\Exception\FatalThrowableError: syntax error, unexpected ')', expecting ']' in /app/public/wp-content/uploads/cache/d5b3270c1f8a2a2d495ed69f42f231af3f755c26.php:6
Stack trace:
#0 /app/public/wp-content/themes/sageTheme/vendor/illuminate/view/Engines/CompilerEngine.php(59): Illuminate\View\Engines\PhpEngine->evaluatePath('/app/public/wp-...', Array)
#1 /app/public/wp-content/themes/sageTheme/vendor/illuminate/view/View.php(142): Illuminate\View\Engines\CompilerEngine->get('/app/public/wp-...', Array)
#2 /app/public/wp-content/themes/sageTheme/vendor/illuminate/view/View.php(125): Illuminate\View\View->getContents()
#3 /app/public/wp-content/themes/sageTheme/vendor/illuminate/view/View.php(90): Illuminate\View\View->renderContents()
#4 /app/public/wp-content/uploads/cache/737e5fc21aea5a35d72e13849e4815c4509ff3c6.php(6): Illuminate\View\View->render()
#5 /app/public/wp-content/themes/sageTheme/vendor/illuminate/view/Engines/PhpEngine.php(43): include('/app/public/wp-...')
#6 /app/ in /app/public/wp-content/uploads/cache/d5b3270c1f8a2a2d495ed69f42f231af3f755c26.php on line 6
[02-Jun-2020 14:21:08 UTC] PHP Fatal error:  Uncaught Symfony\Component\Debug\Exception\FatalThrowableError: syntax error, unexpected ')', expecting ']' in /app/public/wp-content/uploads/cache/d5b3270c1f8a2a2d495ed69f42f231af3f755c26.php:6
Stack trace:
#0 /app/public/wp-content/themes/sageTheme/vendor/illuminate/view/Engines/CompilerEngine.php(59): Illuminate\View\Engines\PhpEngine->evaluatePath('/app/public/wp-...', Array)
#1 /app/public/wp-content/themes/sageTheme/vendor/illuminate/view/View.php(142): Illuminate\View\Engines\CompilerEngine->get('/app/public/wp-...', Array)
#2 /app/public/wp-content/themes/sageTheme/vendor/illuminate/view/View.php(125): Illuminate\View\View->getContents()
#3 /app/public/wp-content/themes/sageTheme/vendor/illuminate/view/View.php(90): Illuminate\View\View->renderContents()
#4 /app/public/wp-content/uploads/cache/737e5fc21aea5a35d72e13849e4815c4509ff3c6.php(6): Illuminate\View\View->render()
#5 /app/public/wp-content/themes/sageTheme/vendor/illuminate/view/Engines/PhpEngine.php(43): include('/app/public/wp-...')
#6 /app/ in /app/public/wp-content/uploads/cache/d5b3270c1f8a2a2d495ed69f42f231af3f755c26.php on line 6
[02-Jun-2020 14:21:09 UTC] PHP Fatal error:  Uncaught Symfony\Component\Debug\Exception\FatalThrowableError: syntax error, unexpected ')', expecting ']' in /app/public/wp-content/uploads/cache/d5b3270c1f8a2a2d495ed69f42f231af3f755c26.php:6
Stack trace:
#0 /app/public/wp-content/themes/sageTheme/vendor/illuminate/view/Engines/CompilerEngine.php(59): Illuminate\View\Engines\PhpEngine->evaluatePath('/app/public/wp-...', Array)
#1 /app/public/wp-content/themes/sageTheme/vendor/illuminate/view/View.php(142): Illuminate\View\Engines\CompilerEngine->get('/app/public/wp-...', Array)
#2 /app/public/wp-content/themes/sageTheme/vendor/illuminate/view/View.php(125): Illuminate\View\View->getContents()
#3 /app/public/wp-content/themes/sageTheme/vendor/illuminate/view/View.php(90): Illuminate\View\View->renderContents()
#4 /app/public/wp-content/uploads/cache/737e5fc21aea5a35d72e13849e4815c4509ff3c6.php(6): Illuminate\View\View->render()
#5 /app/public/wp-content/themes/sageTheme/vendor/illuminate/view/Engines/PhpEngine.php(43): include('/app/public/wp-...')
#6 /app/ in /app/public/wp-content/uploads/cache/d5b3270c1f8a2a2d495ed69f42f231af3f755c26.php on line 6
[02-Jun-2020 14:21:25 UTC] PHP Fatal error:  Uncaught Symfony\Component\Debug\Exception\FatalThrowableError: syntax error, unexpected ')', expecting ']' in /app/public/wp-content/uploads/cache/d5b3270c1f8a2a2d495ed69f42f231af3f755c26.php:6
Stack trace:
#0 /app/public/wp-content/themes/sageTheme/vendor/illuminate/view/Engines/CompilerEngine.php(59): Illuminate\View\Engines\PhpEngine->evaluatePath('/app/public/wp-...', Array)
#1 /app/public/wp-content/themes/sageTheme/vendor/illuminate/view/View.php(142): Illuminate\View\Engines\CompilerEngine->get('/app/public/wp-...', Array)
#2 /app/public/wp-content/themes/sageTheme/vendor/illuminate/view/View.php(125): Illuminate\View\View->getContents()
#3 /app/public/wp-content/themes/sageTheme/vendor/illuminate/view/View.php(90): Illuminate\View\View->renderContents()
#4 /app/public/wp-content/uploads/cache/737e5fc21aea5a35d72e13849e4815c4509ff3c6.php(6): Illuminate\View\View->render()
#5 /app/public/wp-content/themes/sageTheme/vendor/illuminate/view/Engines/PhpEngine.php(43): include('/app/public/wp-...')
#6 /app/ in /app/public/wp-content/uploads/cache/d5b3270c1f8a2a2d495ed69f42f231af3f755c26.php on line 6
[02-Jun-2020 14:21:26 UTC] PHP Fatal error:  Uncaught Symfony\Component\Debug\Exception\FatalThrowableError: syntax error, unexpected ')', expecting ']' in /app/public/wp-content/uploads/cache/d5b3270c1f8a2a2d495ed69f42f231af3f755c26.php:6
Stack trace:
#0 /app/public/wp-content/themes/sageTheme/vendor/illuminate/view/Engines/CompilerEngine.php(59): Illuminate\View\Engines\PhpEngine->evaluatePath('/app/public/wp-...', Array)
#1 /app/public/wp-content/themes/sageTheme/vendor/illuminate/view/View.php(142): Illuminate\View\Engines\CompilerEngine->get('/app/public/wp-...', Array)
#2 /app/public/wp-content/themes/sageTheme/vendor/illuminate/view/View.php(125): Illuminate\View\View->getContents()
#3 /app/public/wp-content/themes/sageTheme/vendor/illuminate/view/View.php(90): Illuminate\View\View->renderContents()
#4 /app/public/wp-content/uploads/cache/737e5fc21aea5a35d72e13849e4815c4509ff3c6.php(6): Illuminate\View\View->render()
#5 /app/public/wp-content/themes/sageTheme/vendor/illuminate/view/Engines/PhpEngine.php(43): include('/app/public/wp-...')
#6 /app/ in /app/public/wp-content/uploads/cache/d5b3270c1f8a2a2d495ed69f42f231af3f755c26.php on line 6
[02-Jun-2020 14:24:26 UTC] PHP Fatal error:  Uncaught Symfony\Component\Debug\Exception\FatalThrowableError: syntax error, unexpected '...' (T_ELLIPSIS), expecting ')' in /app/public/wp-content/uploads/cache/d5b3270c1f8a2a2d495ed69f42f231af3f755c26.php:9
Stack trace:
#0 /app/public/wp-content/themes/sageTheme/vendor/illuminate/view/Engines/CompilerEngine.php(59): Illuminate\View\Engines\PhpEngine->evaluatePath('/app/public/wp-...', Array)
#1 /app/public/wp-content/themes/sageTheme/vendor/illuminate/view/View.php(142): Illuminate\View\Engines\CompilerEngine->get('/app/public/wp-...', Array)
#2 /app/public/wp-content/themes/sageTheme/vendor/illuminate/view/View.php(125): Illuminate\View\View->getContents()
#3 /app/public/wp-content/themes/sageTheme/vendor/illuminate/view/View.php(90): Illuminate\View\View->renderContents()
#4 /app/public/wp-content/uploads/cache/737e5fc21aea5a35d72e13849e4815c4509ff3c6.php(6): Illuminate\View\View->render()
#5 /app/public/wp-content/themes/sageTheme/vendor/illuminate/view/Engines/PhpEngine.php(43): include('/app/public/wp in /app/public/wp-content/uploads/cache/d5b3270c1f8a2a2d495ed69f42f231af3f755c26.php on line 9
[02-Jun-2020 14:24:27 UTC] PHP Fatal error:  Uncaught Symfony\Component\Debug\Exception\FatalThrowableError: syntax error, unexpected '...' (T_ELLIPSIS), expecting ')' in /app/public/wp-content/uploads/cache/d5b3270c1f8a2a2d495ed69f42f231af3f755c26.php:9
Stack trace:
#0 /app/public/wp-content/themes/sageTheme/vendor/illuminate/view/Engines/CompilerEngine.php(59): Illuminate\View\Engines\PhpEngine->evaluatePath('/app/public/wp-...', Array)
#1 /app/public/wp-content/themes/sageTheme/vendor/illuminate/view/View.php(142): Illuminate\View\Engines\CompilerEngine->get('/app/public/wp-...', Array)
#2 /app/public/wp-content/themes/sageTheme/vendor/illuminate/view/View.php(125): Illuminate\View\View->getContents()
#3 /app/public/wp-content/themes/sageTheme/vendor/illuminate/view/View.php(90): Illuminate\View\View->renderContents()
#4 /app/public/wp-content/uploads/cache/737e5fc21aea5a35d72e13849e4815c4509ff3c6.php(6): Illuminate\View\View->render()
#5 /app/public/wp-content/themes/sageTheme/vendor/illuminate/view/Engines/PhpEngine.php(43): include('/app/public/wp in /app/public/wp-content/uploads/cache/d5b3270c1f8a2a2d495ed69f42f231af3f755c26.php on line 9
[02-Jun-2020 14:24:28 UTC] PHP Fatal error:  Uncaught Symfony\Component\Debug\Exception\FatalThrowableError: syntax error, unexpected '...' (T_ELLIPSIS), expecting ')' in /app/public/wp-content/uploads/cache/d5b3270c1f8a2a2d495ed69f42f231af3f755c26.php:9
Stack trace:
#0 /app/public/wp-content/themes/sageTheme/vendor/illuminate/view/Engines/CompilerEngine.php(59): Illuminate\View\Engines\PhpEngine->evaluatePath('/app/public/wp-...', Array)
#1 /app/public/wp-content/themes/sageTheme/vendor/illuminate/view/View.php(142): Illuminate\View\Engines\CompilerEngine->get('/app/public/wp-...', Array)
#2 /app/public/wp-content/themes/sageTheme/vendor/illuminate/view/View.php(125): Illuminate\View\View->getContents()
#3 /app/public/wp-content/themes/sageTheme/vendor/illuminate/view/View.php(90): Illuminate\View\View->renderContents()
#4 /app/public/wp-content/uploads/cache/737e5fc21aea5a35d72e13849e4815c4509ff3c6.php(6): Illuminate\View\View->render()
#5 /app/public/wp-content/themes/sageTheme/vendor/illuminate/view/Engines/PhpEngine.php(43): include('/app/public/wp in /app/public/wp-content/uploads/cache/d5b3270c1f8a2a2d495ed69f42f231af3f755c26.php on line 9
[02-Jun-2020 14:24:28 UTC] PHP Fatal error:  Uncaught Symfony\Component\Debug\Exception\FatalThrowableError: syntax error, unexpected '...' (T_ELLIPSIS), expecting ')' in /app/public/wp-content/uploads/cache/d5b3270c1f8a2a2d495ed69f42f231af3f755c26.php:9
Stack trace:
#0 /app/public/wp-content/themes/sageTheme/vendor/illuminate/view/Engines/CompilerEngine.php(59): Illuminate\View\Engines\PhpEngine->evaluatePath('/app/public/wp-...', Array)
#1 /app/public/wp-content/themes/sageTheme/vendor/illuminate/view/View.php(142): Illuminate\View\Engines\CompilerEngine->get('/app/public/wp-...', Array)
#2 /app/public/wp-content/themes/sageTheme/vendor/illuminate/view/View.php(125): Illuminate\View\View->getContents()
#3 /app/public/wp-content/themes/sageTheme/vendor/illuminate/view/View.php(90): Illuminate\View\View->renderContents()
#4 /app/public/wp-content/uploads/cache/737e5fc21aea5a35d72e13849e4815c4509ff3c6.php(6): Illuminate\View\View->render()
#5 /app/public/wp-content/themes/sageTheme/vendor/illuminate/view/Engines/PhpEngine.php(43): include('/app/public/wp in /app/public/wp-content/uploads/cache/d5b3270c1f8a2a2d495ed69f42f231af3f755c26.php on line 9
[02-Jun-2020 14:26:19 UTC] PHP Fatal error:  Uncaught Symfony\Component\Debug\Exception\FatalThrowableError: Class 'wp_bootstrap4_navwalker' not found in /app/public/wp-content/uploads/cache/d5b3270c1f8a2a2d495ed69f42f231af3f755c26.php:6
Stack trace:
#0 /app/public/wp-content/themes/sageTheme/vendor/illuminate/view/Engines/PhpEngine.php(43): include()
#1 /app/public/wp-content/themes/sageTheme/vendor/illuminate/view/Engines/CompilerEngine.php(59): Illuminate\View\Engines\PhpEngine->evaluatePath('/app/public/wp-...', Array)
#2 /app/public/wp-content/themes/sageTheme/vendor/illuminate/view/View.php(142): Illuminate\View\Engines\CompilerEngine->get('/app/public/wp-...', Array)
#3 /app/public/wp-content/themes/sageTheme/vendor/illuminate/view/View.php(125): Illuminate\View\View->getContents()
#4 /app/public/wp-content/themes/sageTheme/vendor/illuminate/view/View.php(90): Illuminate\View\View->renderContents()
#5 /app/public/wp-content/uploads/cache/737e5fc21aea5a35d72e13849e4815c4509ff3c6.php(6): Illuminate\View\View->render()
#6 /app/public/wp-content/them in /app/public/wp-content/uploads/cache/d5b3270c1f8a2a2d495ed69f42f231af3f755c26.php on line 6
[02-Jun-2020 14:26:20 UTC] PHP Fatal error:  Uncaught Symfony\Component\Debug\Exception\FatalThrowableError: Class 'wp_bootstrap4_navwalker' not found in /app/public/wp-content/uploads/cache/d5b3270c1f8a2a2d495ed69f42f231af3f755c26.php:6
Stack trace:
#0 /app/public/wp-content/themes/sageTheme/vendor/illuminate/view/Engines/PhpEngine.php(43): include()
#1 /app/public/wp-content/themes/sageTheme/vendor/illuminate/view/Engines/CompilerEngine.php(59): Illuminate\View\Engines\PhpEngine->evaluatePath('/app/public/wp-...', Array)
#2 /app/public/wp-content/themes/sageTheme/vendor/illuminate/view/View.php(142): Illuminate\View\Engines\CompilerEngine->get('/app/public/wp-...', Array)
#3 /app/public/wp-content/themes/sageTheme/vendor/illuminate/view/View.php(125): Illuminate\View\View->getContents()
#4 /app/public/wp-content/themes/sageTheme/vendor/illuminate/view/View.php(90): Illuminate\View\View->renderContents()
#5 /app/public/wp-content/uploads/cache/737e5fc21aea5a35d72e13849e4815c4509ff3c6.php(6): Illuminate\View\View->render()
#6 /app/public/wp-content/them in /app/public/wp-content/uploads/cache/d5b3270c1f8a2a2d495ed69f42f231af3f755c26.php on line 6
[02-Jun-2020 14:26:20 UTC] PHP Fatal error:  Uncaught Symfony\Component\Debug\Exception\FatalThrowableError: Class 'wp_bootstrap4_navwalker' not found in /app/public/wp-content/uploads/cache/d5b3270c1f8a2a2d495ed69f42f231af3f755c26.php:6
Stack trace:
#0 /app/public/wp-content/themes/sageTheme/vendor/illuminate/view/Engines/PhpEngine.php(43): include()
#1 /app/public/wp-content/themes/sageTheme/vendor/illuminate/view/Engines/CompilerEngine.php(59): Illuminate\View\Engines\PhpEngine->evaluatePath('/app/public/wp-...', Array)
#2 /app/public/wp-content/themes/sageTheme/vendor/illuminate/view/View.php(142): Illuminate\View\Engines\CompilerEngine->get('/app/public/wp-...', Array)
#3 /app/public/wp-content/themes/sageTheme/vendor/illuminate/view/View.php(125): Illuminate\View\View->getContents()
#4 /app/public/wp-content/themes/sageTheme/vendor/illuminate/view/View.php(90): Illuminate\View\View->renderContents()
#5 /app/public/wp-content/uploads/cache/737e5fc21aea5a35d72e13849e4815c4509ff3c6.php(6): Illuminate\View\View->render()
#6 /app/public/wp-content/them in /app/public/wp-content/uploads/cache/d5b3270c1f8a2a2d495ed69f42f231af3f755c26.php on line 6
[02-Jun-2020 14:26:20 UTC] PHP Fatal error:  Uncaught Symfony\Component\Debug\Exception\FatalThrowableError: Class 'wp_bootstrap4_navwalker' not found in /app/public/wp-content/uploads/cache/d5b3270c1f8a2a2d495ed69f42f231af3f755c26.php:6
Stack trace:
#0 /app/public/wp-content/themes/sageTheme/vendor/illuminate/view/Engines/PhpEngine.php(43): include()
#1 /app/public/wp-content/themes/sageTheme/vendor/illuminate/view/Engines/CompilerEngine.php(59): Illuminate\View\Engines\PhpEngine->evaluatePath('/app/public/wp-...', Array)
#2 /app/public/wp-content/themes/sageTheme/vendor/illuminate/view/View.php(142): Illuminate\View\Engines\CompilerEngine->get('/app/public/wp-...', Array)
#3 /app/public/wp-content/themes/sageTheme/vendor/illuminate/view/View.php(125): Illuminate\View\View->getContents()
#4 /app/public/wp-content/themes/sageTheme/vendor/illuminate/view/View.php(90): Illuminate\View\View->renderContents()
#5 /app/public/wp-content/uploads/cache/737e5fc21aea5a35d72e13849e4815c4509ff3c6.php(6): Illuminate\View\View->render()
#6 /app/public/wp-content/them in /app/public/wp-content/uploads/cache/d5b3270c1f8a2a2d495ed69f42f231af3f755c26.php on line 6
[02-Jun-2020 14:26:21 UTC] PHP Fatal error:  Uncaught Symfony\Component\Debug\Exception\FatalThrowableError: Class 'wp_bootstrap4_navwalker' not found in /app/public/wp-content/uploads/cache/d5b3270c1f8a2a2d495ed69f42f231af3f755c26.php:6
Stack trace:
#0 /app/public/wp-content/themes/sageTheme/vendor/illuminate/view/Engines/PhpEngine.php(43): include()
#1 /app/public/wp-content/themes/sageTheme/vendor/illuminate/view/Engines/CompilerEngine.php(59): Illuminate\View\Engines\PhpEngine->evaluatePath('/app/public/wp-...', Array)
#2 /app/public/wp-content/themes/sageTheme/vendor/illuminate/view/View.php(142): Illuminate\View\Engines\CompilerEngine->get('/app/public/wp-...', Array)
#3 /app/public/wp-content/themes/sageTheme/vendor/illuminate/view/View.php(125): Illuminate\View\View->getContents()
#4 /app/public/wp-content/themes/sageTheme/vendor/illuminate/view/View.php(90): Illuminate\View\View->renderContents()
#5 /app/public/wp-content/uploads/cache/737e5fc21aea5a35d72e13849e4815c4509ff3c6.php(6): Illuminate\View\View->render()
#6 /app/public/wp-content/them in /app/public/wp-content/uploads/cache/d5b3270c1f8a2a2d495ed69f42f231af3f755c26.php on line 6
[02-Jun-2020 14:26:21 UTC] PHP Fatal error:  Uncaught Symfony\Component\Debug\Exception\FatalThrowableError: Class 'wp_bootstrap4_navwalker' not found in /app/public/wp-content/uploads/cache/d5b3270c1f8a2a2d495ed69f42f231af3f755c26.php:6
Stack trace:
#0 /app/public/wp-content/themes/sageTheme/vendor/illuminate/view/Engines/PhpEngine.php(43): include()
#1 /app/public/wp-content/themes/sageTheme/vendor/illuminate/view/Engines/CompilerEngine.php(59): Illuminate\View\Engines\PhpEngine->evaluatePath('/app/public/wp-...', Array)
#2 /app/public/wp-content/themes/sageTheme/vendor/illuminate/view/View.php(142): Illuminate\View\Engines\CompilerEngine->get('/app/public/wp-...', Array)
#3 /app/public/wp-content/themes/sageTheme/vendor/illuminate/view/View.php(125): Illuminate\View\View->getContents()
#4 /app/public/wp-content/themes/sageTheme/vendor/illuminate/view/View.php(90): Illuminate\View\View->renderContents()
#5 /app/public/wp-content/uploads/cache/737e5fc21aea5a35d72e13849e4815c4509ff3c6.php(6): Illuminate\View\View->render()
#6 /app/public/wp-content/them in /app/public/wp-content/uploads/cache/d5b3270c1f8a2a2d495ed69f42f231af3f755c26.php on line 6
[02-Jun-2020 14:26:21 UTC] PHP Fatal error:  Uncaught Symfony\Component\Debug\Exception\FatalThrowableError: Class 'wp_bootstrap4_navwalker' not found in /app/public/wp-content/uploads/cache/d5b3270c1f8a2a2d495ed69f42f231af3f755c26.php:6
Stack trace:
#0 /app/public/wp-content/themes/sageTheme/vendor/illuminate/view/Engines/PhpEngine.php(43): include()
#1 /app/public/wp-content/themes/sageTheme/vendor/illuminate/view/Engines/CompilerEngine.php(59): Illuminate\View\Engines\PhpEngine->evaluatePath('/app/public/wp-...', Array)
#2 /app/public/wp-content/themes/sageTheme/vendor/illuminate/view/View.php(142): Illuminate\View\Engines\CompilerEngine->get('/app/public/wp-...', Array)
#3 /app/public/wp-content/themes/sageTheme/vendor/illuminate/view/View.php(125): Illuminate\View\View->getContents()
#4 /app/public/wp-content/themes/sageTheme/vendor/illuminate/view/View.php(90): Illuminate\View\View->renderContents()
#5 /app/public/wp-content/uploads/cache/737e5fc21aea5a35d72e13849e4815c4509ff3c6.php(6): Illuminate\View\View->render()
#6 /app/public/wp-content/them in /app/public/wp-content/uploads/cache/d5b3270c1f8a2a2d495ed69f42f231af3f755c26.php on line 6
[02-Jun-2020 14:26:21 UTC] PHP Fatal error:  Uncaught Symfony\Component\Debug\Exception\FatalThrowableError: Class 'wp_bootstrap4_navwalker' not found in /app/public/wp-content/uploads/cache/d5b3270c1f8a2a2d495ed69f42f231af3f755c26.php:6
Stack trace:
#0 /app/public/wp-content/themes/sageTheme/vendor/illuminate/view/Engines/PhpEngine.php(43): include()
#1 /app/public/wp-content/themes/sageTheme/vendor/illuminate/view/Engines/CompilerEngine.php(59): Illuminate\View\Engines\PhpEngine->evaluatePath('/app/public/wp-...', Array)
#2 /app/public/wp-content/themes/sageTheme/vendor/illuminate/view/View.php(142): Illuminate\View\Engines\CompilerEngine->get('/app/public/wp-...', Array)
#3 /app/public/wp-content/themes/sageTheme/vendor/illuminate/view/View.php(125): Illuminate\View\View->getContents()
#4 /app/public/wp-content/themes/sageTheme/vendor/illuminate/view/View.php(90): Illuminate\View\View->renderContents()
#5 /app/public/wp-content/uploads/cache/737e5fc21aea5a35d72e13849e4815c4509ff3c6.php(6): Illuminate\View\View->render()
#6 /app/public/wp-content/them in /app/public/wp-content/uploads/cache/d5b3270c1f8a2a2d495ed69f42f231af3f755c26.php on line 6
[02-Jun-2020 14:26:21 UTC] PHP Fatal error:  Uncaught Symfony\Component\Debug\Exception\FatalThrowableError: Class 'wp_bootstrap4_navwalker' not found in /app/public/wp-content/uploads/cache/d5b3270c1f8a2a2d495ed69f42f231af3f755c26.php:6
Stack trace:
#0 /app/public/wp-content/themes/sageTheme/vendor/illuminate/view/Engines/PhpEngine.php(43): include()
#1 /app/public/wp-content/themes/sageTheme/vendor/illuminate/view/Engines/CompilerEngine.php(59): Illuminate\View\Engines\PhpEngine->evaluatePath('/app/public/wp-...', Array)
#2 /app/public/wp-content/themes/sageTheme/vendor/illuminate/view/View.php(142): Illuminate\View\Engines\CompilerEngine->get('/app/public/wp-...', Array)
#3 /app/public/wp-content/themes/sageTheme/vendor/illuminate/view/View.php(125): Illuminate\View\View->getContents()
#4 /app/public/wp-content/themes/sageTheme/vendor/illuminate/view/View.php(90): Illuminate\View\View->renderContents()
#5 /app/public/wp-content/uploads/cache/737e5fc21aea5a35d72e13849e4815c4509ff3c6.php(6): Illuminate\View\View->render()
#6 /app/public/wp-content/them in /app/public/wp-content/uploads/cache/d5b3270c1f8a2a2d495ed69f42f231af3f755c26.php on line 6
[02-Jun-2020 14:26:22 UTC] PHP Fatal error:  Uncaught Symfony\Component\Debug\Exception\FatalThrowableError: Class 'wp_bootstrap4_navwalker' not found in /app/public/wp-content/uploads/cache/d5b3270c1f8a2a2d495ed69f42f231af3f755c26.php:6
Stack trace:
#0 /app/public/wp-content/themes/sageTheme/vendor/illuminate/view/Engines/PhpEngine.php(43): include()
#1 /app/public/wp-content/themes/sageTheme/vendor/illuminate/view/Engines/CompilerEngine.php(59): Illuminate\View\Engines\PhpEngine->evaluatePath('/app/public/wp-...', Array)
#2 /app/public/wp-content/themes/sageTheme/vendor/illuminate/view/View.php(142): Illuminate\View\Engines\CompilerEngine->get('/app/public/wp-...', Array)
#3 /app/public/wp-content/themes/sageTheme/vendor/illuminate/view/View.php(125): Illuminate\View\View->getContents()
#4 /app/public/wp-content/themes/sageTheme/vendor/illuminate/view/View.php(90): Illuminate\View\View->renderContents()
#5 /app/public/wp-content/uploads/cache/737e5fc21aea5a35d72e13849e4815c4509ff3c6.php(6): Illuminate\View\View->render()
#6 /app/public/wp-content/them in /app/public/wp-content/uploads/cache/d5b3270c1f8a2a2d495ed69f42f231af3f755c26.php on line 6
[02-Jun-2020 14:30:45 UTC] PHP Fatal error:  Uncaught Symfony\Component\Debug\Exception\FatalThrowableError: Class 'wp_bootstrap4_navwalker' not found in /app/public/wp-content/uploads/cache/d5b3270c1f8a2a2d495ed69f42f231af3f755c26.php:6
Stack trace:
#0 /app/public/wp-content/themes/sageTheme/vendor/illuminate/view/Engines/PhpEngine.php(43): include()
#1 /app/public/wp-content/themes/sageTheme/vendor/illuminate/view/Engines/CompilerEngine.php(59): Illuminate\View\Engines\PhpEngine->evaluatePath('/app/public/wp-...', Array)
#2 /app/public/wp-content/themes/sageTheme/vendor/illuminate/view/View.php(142): Illuminate\View\Engines\CompilerEngine->get('/app/public/wp-...', Array)
#3 /app/public/wp-content/themes/sageTheme/vendor/illuminate/view/View.php(125): Illuminate\View\View->getContents()
#4 /app/public/wp-content/themes/sageTheme/vendor/illuminate/view/View.php(90): Illuminate\View\View->renderContents()
#5 /app/public/wp-content/uploads/cache/737e5fc21aea5a35d72e13849e4815c4509ff3c6.php(6): Illuminate\View\View->render()
#6 /app/public/wp-content/them in /app/public/wp-content/uploads/cache/d5b3270c1f8a2a2d495ed69f42f231af3f755c26.php on line 6
